
2016-05-20 14:16:36,658 ：唐三藏: a
2016-05-20 14:16:36,659 ：悟空: 说什么鸟语呢，又是上次女儿国跟妹子学的吧！
2016-05-20 14:18:44,671 ：唐三藏: a
2016-05-20 14:18:44,672 ：悟空: 我受不了了师傅，说唐语（中文）。
2016-05-20 14:21:52,564 ：唐三藏: a
2016-05-20 14:21:52,565 ：悟空: 说什么鸟语呢，又是上次女儿国跟妹子学的吧！
2016-05-20 14:23:12,915 ：唐三藏: a
2016-05-20 14:23:12,916 ：悟空: 我受不了了师傅，说唐语（中文）。
2016-05-20 14:24:16,352 ：唐三藏: a
2016-05-20 14:24:16,353 ：悟空: 我受不了了师傅，说唐语（中文）。
2016-05-20 14:26:43,401 ：悟空: 我受不了了师傅，说唐语（中文）。
2016-05-20 14:26:55,930 ：悟空: 说什么鸟语呢，又是上次女儿国跟妹子学的吧！
2016-05-20 14:27:14,437 ：悟空: 说什么鸟语呢，又是上次女儿国跟妹子学的吧！
2016-05-20 14:31:03,827 ：悟空: 我受不了了师傅，说唐语（中文）。
2016-05-20 14:31:08,127 ：悟空: 师傅，你究竟想说什么？
2016-05-20 14:52:03,560 ：悟空: 听不清啊，师傅你再说一遍
2016-05-20 14:55:54,308 ：悟空: 听不清啊，师傅你再说一遍
2016-05-20 14:56:01,023 ：悟空: 今天心情不错吗，都唱上了。
2016-05-20 14:56:09,594 ：悟空: 听不清啊，师傅你再说一遍
2016-05-20 14:59:00,796 ：悟空: 师傅又要开唱了
2016-05-20 14:59:05,260 ：悟空: 师傅又要开唱了
2016-05-20 15:16:28,702 ：悟空: 什么？
2016-05-20 15:27:53,293 ：悟空: 今天心情不错吗，都唱上了。
2016-05-20 15:28:09,487 ：悟空: 什么情况
2016-05-20 15:29:32,304 ：悟空: 嗯，前面乌云密布一定有妖！老孙走也~~
2016-05-20 15:31:50,865 ：悟空: 好，你不用说了我去前面看看顺便化个缘来！老孙走也~~
2016-05-20 15:53:54,777 ：悟空: 哎~山区没有4G啊，外卖是叫不了了，我去前面看看顺便化个缘来！老孙走也~~
2016-05-20 15:54:11,295 ：悟空: 是不是对我很无语啊，哈哈
2016-05-20 16:05:54,429 ：悟空: 嗯，前面乌云密布一定有妖！老孙去会会它，走也~~
2016-05-20 16:05:54,429 ：悟空: 好，老孙走也~~
2016-05-20 16:33:44,733 ：悟空: 好，你不用说了我去前面看看顺便化个缘来！老孙走也~~
2016-05-20 16:33:44,734 ：悟空: 哎~山区没有4G啊，外卖是叫不了了，我去前面看看顺便化个缘来！老孙走也~~
2016-05-20 17:26:16,683 ：悟空：  血量：-1   愤怒：+1  
2016-05-20 21:13:58,179 ：金角大王：  血量：-1.1   愤怒：+1  
2016-05-20 21:14:01,180 ：悟空：  血量：-1   愤怒：+1  
2016-05-20 21:14:09,927 ：你的愤怒值不够20，还没有必要使用武器
2016-05-20 21:14:12,928 ：悟空：  血量：-1   愤怒：+1  
2016-05-20 21:18:08,111 ：金角大王：  血量：-1.1   愤怒：+1  
2016-05-20 21:18:11,111 ：悟空：  血量：-1   愤怒：+1  
2016-05-20 21:18:12,931 ：金角大王：  血量：-1.1   愤怒：+1
2016-05-22 20:10:38,215 ：金角大王：  血量：-8   愤怒：+8  
2016-05-22 20:10:39,216 ：二 郎 神：  血量：+1   愤怒：+1  
2016-05-22 20:10:42,318 ：二 郎 神：  血量：-9   愤怒：+9  
2016-05-22 20:10:43,318 ：金角大王：  血量：+0   愤怒：+0  
2016-05-22 20:10:46,511 ：金角大王：  血量：-6   愤怒：+6  
2016-05-22 20:10:47,511 ：二 郎 神：  血量：+0   愤怒：+0  
2016-05-22 20:10:50,613 ：二 郎 神：  血量：-7   愤怒：+7  
2016-05-22 20:10:51,613 ：金角大王：  血量：+20   愤怒：+20  
2016-05-22 20:10:58,207 ：金角大王：  血量：-7   愤怒：+7  
2016-05-22 20:10:59,207 ：二 郎 神：  血量：+0.1   愤怒：+0.1  
2016-05-22 20:11:02,308 ：二 郎 神：  血量：-9   愤怒：+9  
2016-05-22 20:11:03,308 ：金角大王：  血量：+0   愤怒：+0  
2016-05-22 20:11:05,906 ：金角大王：  血量：-7   愤怒：+7  
2016-05-22 20:11:06,907 ：二 郎 神：  血量：+1   愤怒：+1  
2016-05-22 20:11:10,008 ：二 郎 神：  血量：-9   愤怒：+9  
2016-05-22 20:11:11,009 ：金角大王：  血量：+0   愤怒：+0  
2016-05-22 20:11:11,610 ：%s 已阵亡！！还得自己来啊- -！
2016-05-22 20:12:34,079 ：你的愤怒值不够40，你还没有被激怒
2016-05-22 20:12:36,580 ：孙 悟 空：  血量：-9   愤怒：+9  
2016-05-22 20:12:37,581 ：金角大王：  血量：+2   愤怒：+2  
2016-05-22 20:12:41,924 ：金角大王：  血量：-2.4   愤怒：+2  
2016-05-22 20:12:42,925 ：孙 悟 空：  血量：+0   愤怒：+0  
2016-05-22 20:12:46,027 ：孙 悟 空：  血量：-6   愤怒：+6  
2016-05-22 20:12:47,028 ：金角大王：  血量：+0   愤怒：+0  
2016-05-22 20:12:50,052 ：金角大王：  血量：-2.4   愤怒：+2  
2016-05-22 20:12:51,053 ：孙 悟 空：  血量：+10   愤怒：+10  
2016-05-22 20:12:54,154 ：孙 悟 空：  血量：-9   愤怒：+9  
2016-05-22 20:12:55,155 ：金角大王：  血量：+0   愤怒：+0  
2016-05-22 20:12:59,657 ：金角大王：  血量：-9.6   愤怒：+8  
2016-05-22 20:13:00,657 ：孙 悟 空：  血量：+10   愤怒：+10  
2016-05-22 20:13:03,758 ：孙 悟 空：  血量：-8   愤怒：+8  
2016-05-22 20:13:04,759 ：金角大王：  血量：+1   愤怒：+1  
2016-05-22 20:13:06,559 ：金角大王：  血量：-9.6   愤怒：+8  
2016-05-22 20:13:07,560 ：孙 悟 空：  血量：+1   愤怒：+1  
2016-05-22 20:13:10,661 ：孙 悟 空：  血量：-6   愤怒：+6  
2016-05-22 20:13:11,661 ：金角大王：  血量：+0   愤怒：+0  
2016-05-22 20:13:12,262 ：%s 已阵亡！！还得自己来啊- -！
2016-05-22 20:14:28,796 ：金角大王：  血量：-2.4   愤怒：+2  
2016-05-22 20:14:29,797 ：孙 悟 空：  血量：+1   愤怒：+1  
2016-05-22 20:14:32,898 ：孙 悟 空：  血量：-2   愤怒：+2  
2016-05-22 20:14:33,899 ：金角大王：  血量：+5   愤怒：+5  
2016-05-22 20:14:50,894 ：金角大王：  血量：-2   愤怒：+2  
2016-05-22 20:14:51,895 ：二 郎 神：  血量：+1   愤怒：+1  
2016-05-22 20:14:54,996 ：二 郎 神：  血量：-2   愤怒：+2  
2016-05-22 20:14:55,997 ：金角大王：  血量：+1   愤怒：+1  
2016-05-22 20:15:00,283 ：金角大王：  血量：-2   愤怒：+2  
2016-05-22 20:15:01,284 ：二 郎 神：  血量：+0.1   愤怒：+0.1  
2016-05-22 20:15:04,385 ：二 郎 神：  血量：-2   愤怒：+2  
2016-05-22 20:15:05,386 ：金角大王：  血量：+1   愤怒：+1  
2016-05-22 20:15:07,621 ：你的愤怒值不够40，你还没有被激怒
2016-05-22 20:15:10,122 ：二 郎 神：  血量：-2   愤怒：+2  
2016-05-22 20:15:11,123 ：金角大王：  血量：+2   愤怒：+2  
2016-05-22 20:15:14,313 ：你的愤怒值不够20，还没有必要使用武器
2016-05-22 20:15:16,814 ：二 郎 神：  血量：-2   愤怒：+2  
2016-05-22 20:15:17,815 ：金角大王：  血量：+2   愤怒：+2  
2016-05-22 20:15:19,288 ：金角大王：  血量：-2   愤怒：+2  
2016-05-22 20:15:20,289 ：二 郎 神：  血量：+20   愤怒：+20  
2016-05-22 20:15:23,390 ：二 郎 神：  血量：-2   愤怒：+2  
2016-05-22 20:15:24,391 ：金角大王：  血量：+5   愤怒：+5  
2016-05-22 20:15:24,991 ：金角大王：  血量：-2   愤怒：+2  
2016-05-22 20:15:25,992 ：二 郎 神：  血量：+1   愤怒：+1  
2016-05-22 20:15:29,093 ：二 郎 神：  血量：-5   愤怒：+5  
2016-05-22 20:15:30,094 ：金角大王：  血量：+2   愤怒：+2  
2016-05-22 20:15:34,620 ：金角大王：  血量：-2   愤怒：+2  
2016-05-22 20:15:35,621 ：二 郎 神：  血量：+1   愤怒：+1  
2016-05-22 20:15:38,722 ：二 郎 神：  血量：-5   愤怒：+5  
2016-05-22 20:15:39,723 ：金角大王：  血量：+20   愤怒：+20  
2016-05-22 20:15:42,769 ：金角大王：  血量：-8   愤怒：+8  
2016-05-22 20:15:43,771 ：二 郎 神：  血量：+0   愤怒：+0  
2016-05-22 20:15:46,872 ：二 郎 神：  血量：-7   愤怒：+7  
2016-05-22 20:15:47,872 ：金角大王：  血量：+0.1   愤怒：+0.1  
2016-05-22 20:15:51,784 ：你放弃了一个绝佳的攻击机会
2016-05-22 20:15:54,285 ：二 郎 神：  血量：-8   愤怒：+8  
2016-05-22 20:15:55,285 ：金角大王：  血量：+1   愤怒：+1  
2016-05-22 20:15:57,869 ：金角大王：  血量：-9   愤怒：+9  
2016-05-22 20:15:58,870 ：二 郎 神：  血量：+0   愤怒：+0  
2016-05-22 20:16:01,971 ：二 郎 神：  血量：-7   愤怒：+7  
2016-05-22 20:16:02,972 ：金角大王：  血量：+0   愤怒：+0  
2016-05-22 20:16:11,185 ：你放弃了一个绝佳的攻击机会
2016-05-22 20:16:13,686 ：二 郎 神：  血量：-8   愤怒：+8  
2016-05-22 20:16:14,687 ：金角大王：  血量：+10   愤怒：+10  
2016-05-22 20:16:15,288 ：二 郎 神 已阵亡！！还得自己来啊- -！
2016-05-22 20:16:27,619 ：金角大王：  血量：-2.4   愤怒：+2  
2016-05-22 20:16:28,619 ：孙 悟 空：  血量：+0   愤怒：+0  
2016-05-22 20:16:31,721 ：孙 悟 空：  血量：-9   愤怒：+9  
2016-05-22 20:16:32,722 ：金角大王：  血量：+0.1   愤怒：+0.1  
2016-05-22 20:16:37,531 ：你的愤怒值不够40，你还没有被激怒
2016-05-22 20:16:40,032 ：孙 悟 空：  血量：-7   愤怒：+7  
2016-05-22 20:16:41,033 ：金角大王：  血量：+1   愤怒：+1  
2016-05-22 20:16:50,630 ：你的愤怒值不够20，还没有必要使用武器
2016-05-22 20:16:53,131 ：孙 悟 空：  血量：-9   愤怒：+9  
2016-05-22 20:16:54,131 ：金角大王：  血量：+0   愤怒：+0  
2016-05-22 20:16:54,732 ：孙 悟 空 已阵亡！！还得自己来啊- -！
2016-05-22 20:18:39,689 ：你放弃了一个绝佳的攻击机会
2016-05-22 20:18:42,190 ：孙 悟 空：  血量：-2   愤怒：+2  
2016-05-22 20:18:43,190 ：金角大王：  血量：+1   愤怒：+1  
2016-05-22 20:18:55,520 ：你的愤怒值不够20，还没有必要使用武器
2016-05-22 20:18:58,021 ：二 郎 神：  血量：-2   愤怒：+2  
2016-05-22 20:18:59,021 ：金角大王：  血量：+1   愤怒：+1  
2016-05-22 20:19:04,461 ：你放弃了一个绝佳的攻击机会
2016-05-22 20:19:06,961 ：二 郎 神：  血量：-2   愤怒：+2  
2016-05-22 20:19:07,962 ：金角大王：  血量：+0   愤怒：+0  
2016-05-22 20:19:09,456 ：你放弃了一个绝佳的攻击机会
2016-05-22 20:19:11,957 ：二 郎 神：  血量：-2   愤怒：+2  
2016-05-22 20:19:12,958 ：金角大王：  血量：+0   愤怒：+0  
2016-05-22 20:19:14,304 ：你放弃了一个绝佳的攻击机会
2016-05-22 20:19:16,805 ：二 郎 神：  血量：-2   愤怒：+2  
2016-05-22 20:19:17,806 ：金角大王：  血量：+0.1   愤怒：+0.1  
2016-05-22 20:19:19,499 ：你放弃了一个绝佳的攻击机会
2016-05-22 20:19:22,000 ：二 郎 神：  血量：-2   愤怒：+2  
2016-05-22 20:19:23,000 ：金角大王：  血量：+1   愤怒：+1  
2016-05-22 20:19:25,974 ：你放弃了一个绝佳的攻击机会
2016-05-22 20:19:28,474 ：二 郎 神：  血量：-2   愤怒：+2  
2016-05-22 20:19:29,475 ：金角大王：  血量：+5   愤怒：+5  
2016-05-22 20:19:31,254 ：金角大王：  血量：-2   愤怒：+2  
2016-05-22 20:19:32,254 ：二 郎 神：  血量：+1   愤怒：+1  
2016-05-22 20:19:35,354 ：二 郎 神：  血量：-2   愤怒：+2  
2016-05-22 20:19:36,355 ：金角大王：  血量：+1   愤怒：+1  
2016-05-22 20:19:39,278 ：金角大王：  血量：-2   愤怒：+2  
2016-05-22 20:19:40,279 ：二 郎 神：  血量：+20   愤怒：+20  
2016-05-22 20:19:43,381 ：二 郎 神：  血量：-2   愤怒：+2  
2016-05-22 20:19:44,381 ：金角大王：  血量：+0   愤怒：+0  
2016-05-22 20:19:48,550 ：你放弃了一个绝佳的攻击机会
2016-05-22 20:19:51,052 ：二 郎 神：  血量：-2   愤怒：+2  
2016-05-22 20:19:52,052 ：金角大王：  血量：+5   愤怒：+5  
2016-05-22 20:19:52,652 ：你放弃了一个绝佳的攻击机会
2016-05-22 20:19:55,153 ：二 郎 神：  血量：-2   愤怒：+2  
2016-05-22 20:19:56,154 ：金角大王：  血量：+1   愤怒：+1  
2016-05-22 20:19:56,755 ：你放弃了一个绝佳的攻击机会
2016-05-22 20:19:59,256 ：二 郎 神：  血量：-2   愤怒：+2  
2016-05-22 20:20:00,256 ：金角大王：  血量：+0   愤怒：+0  
2016-05-22 20:20:00,857 ：你放弃了一个绝佳的攻击机会
2016-05-22 20:20:03,358 ：二 郎 神：  血量：-2   愤怒：+2  
2016-05-22 20:20:04,358 ：金角大王：  血量：+5   愤怒：+5  
2016-05-22 20:20:04,959 ：你放弃了一个绝佳的攻击机会
2016-05-22 20:20:07,460 ：二 郎 神：  血量：-5   愤怒：+5  
2016-05-22 20:20:08,460 ：金角大王：  血量：+20   愤怒：+20  
2016-05-22 20:20:13,354 ：你放弃了一个绝佳的攻击机会
2016-05-22 20:20:15,856 ：二 郎 神：  血量：-8   愤怒：+8  
2016-05-22 20:20:16,857 ：金角大王：  血量：+20   愤怒：+20  
2016-05-22 20:20:19,621 ：金角大王：  血量：-7   愤怒：+7  
2016-05-22 20:20:20,621 ：二 郎 神：  血量：+0   愤怒：+0  
2016-05-22 20:20:23,722 ：二 郎 神：  血量：-6   愤怒：+6  
2016-05-22 20:20:24,723 ：金角大王：  血量：+1   愤怒：+1  
2016-05-22 20:20:25,323 ：二 郎 神 已阵亡！！还得自己来啊- -！
2016-05-22 20:20:42,660 ：金角大王：  血量：-2.4   愤怒：+2  
2016-05-22 20:20:43,661 ：孙 悟 空：  血量：+1   愤怒：+1  
2016-05-22 20:20:46,763 ：孙 悟 空：  血量：-6   愤怒：+6  
2016-05-22 20:20:47,763 ：金角大王：  血量：+1   愤怒：+1  
2016-05-22 20:23:15,528 ：你放弃了一个绝佳的攻击机会
2016-05-22 20:23:18,030 ：孙 悟 空：  血量：-2   愤怒：+2  
2016-05-22 20:23:19,031 ：金角大王：  血量：+0   愤怒：+0  
2016-05-22 20:23:19,631 ：你放弃了一个绝佳的攻击机会
2016-05-22 20:23:22,133 ：孙 悟 空：  血量：-2   愤怒：+2  
2016-05-22 20:23:23,133 ：金角大王：  血量：+1   愤怒：+1  
2016-05-22 20:24:24,801 ：你放弃了一个绝佳的攻击机会
2016-05-22 20:24:27,303 ：孙 悟 空：  血量：-2   愤怒：+2  
2016-05-22 20:24:28,304 ：金角大王：  血量：+1   愤怒：+1  
2016-05-22 20:24:53,541 ：你放弃了一个绝佳的攻击机会
2016-05-22 20:24:56,043 ：孙 悟 空：  血量：-2   愤怒：+2  
2016-05-22 20:24:57,043 ：金角大王：  血量：+0   愤怒：+0  
2016-05-22 20:25:15,600 ：金角大王：  血量：-2   愤怒：+2  
2016-05-22 20:25:16,600 ：二 郎 神：  血量：+2   愤怒：+2  
2016-05-22 20:25:19,703 ：二 郎 神：  血量：-2   愤怒：+2  
2016-05-22 20:25:20,703 ：金角大王：  血量：+0   愤怒：+0  
2016-05-22 20:25:25,894 ：金角大王：  血量：-2   愤怒：+2  
2016-05-22 20:25:26,894 ：二 郎 神：  血量：+20   愤怒：+20  
2016-05-22 20:25:29,995 ：二 郎 神：  血量：-2   愤怒：+2  
2016-05-22 20:25:30,995 ：金角大王：  血量：+1   愤怒：+1  
2016-05-22 20:25:31,713 ：金角大王：  血量：-2   愤怒：+2  
2016-05-22 20:25:32,714 ：二 郎 神：  血量：+1   愤怒：+1  
2016-05-22 20:25:35,815 ：二 郎 神：  血量：-2   愤怒：+2  
2016-05-22 20:25:36,815 ：金角大王：  血量：+0   愤怒：+0  
2016-05-22 20:25:41,504 ：金角大王：  血量：-5   愤怒：+5  
2016-05-22 20:25:42,505 ：二 郎 神：  血量：+1   愤怒：+1  
2016-05-22 20:25:45,607 ：二 郎 神：  血量：-2   愤怒：+2  
2016-05-22 20:25:46,608 ：金角大王：  血量：+1   愤怒：+1  
2016-05-22 20:25:50,698 ：金角大王：  血量：-5   愤怒：+5  
2016-05-22 20:25:51,699 ：二 郎 神：  血量：+0   愤怒：+0  
2016-05-22 20:25:54,800 ：二 郎 神：  血量：-2   愤怒：+2  
2016-05-22 20:25:55,800 ：金角大王：  血量：+10   愤怒：+10  
2016-05-22 20:25:59,771 ：金角大王：  血量：-5   愤怒：+5  
2016-05-22 20:26:00,772 ：二 郎 神：  血量：+20   愤怒：+20  
2016-05-22 20:26:03,873 ：二 郎 神：  血量：-5   愤怒：+5  
2016-05-22 20:26:04,874 ：金角大王：  血量：+0   愤怒：+0  
2016-05-22 20:26:09,013 ：金角大王：  血量：-7   愤怒：+7  
2016-05-22 20:26:10,014 ：二 郎 神：  血量：+10   愤怒：+10  
2016-05-22 20:26:13,115 ：二 郎 神：  血量：-7   愤怒：+7  
2016-05-22 20:26:14,115 ：金角大王：  血量：+0   愤怒：+0  
2016-05-22 20:26:16,975 ：金角大王：  血量：-2   愤怒：+2  
2016-05-22 20:26:17,977 ：二 郎 神：  血量：+1   愤怒：+1  
2016-05-22 20:26:21,079 ：二 郎 神：  血量：-6   愤怒：+6  
2016-05-22 20:26:22,079 ：金角大王：  血量：+0   愤怒：+0  
2016-05-22 20:26:28,269 ：金角大王：  血量：-7   愤怒：+7  
2016-05-22 20:26:29,269 ：二 郎 神：  血量：+20   愤怒：+20  
2016-05-22 20:26:32,371 ：二 郎 神：  血量：-6   愤怒：+6  
2016-05-22 20:26:33,372 ：金角大王：  血量：+0   愤怒：+0  
2016-05-22 20:26:33,972 ：老妖金角大王 已被铲除！恭喜过关！
2016-05-22 20:26:33,972 ：老妖金角大王 已被铲除！恭喜过关！
2016-05-22 20:31:06,206 ：你放弃了一个绝佳的攻击机会
2016-05-22 20:31:08,706 ：孙 悟 空：  血量：-2   愤怒：+2  
2016-05-22 20:31:09,706 ：金角大王：  血量：+5   愤怒：+5  
2016-05-22 20:31:18,072 ：金角大王：  血量：-2.4   愤怒：+2  
2016-05-22 20:31:19,072 ：孙 悟 空：  血量：+1   愤怒：+1  
2016-05-22 20:31:22,173 ：孙 悟 空：  血量：-2   愤怒：+2  
2016-05-22 20:31:23,173 ：金角大王：  血量：+5   愤怒：+5  
2016-05-22 20:31:30,661 ：金角大王：  血量：-2   愤怒：+2  
2016-05-22 20:31:31,662 ：二 郎 神：  血量：+5   愤怒：+5  
2016-05-22 20:31:34,764 ：二 郎 神：  血量：-2   愤怒：+2  
2016-05-22 20:31:35,765 ：金角大王：  血量：+0   愤怒：+0  
2016-05-22 20:31:42,988 ：金角大王：  血量：-2   愤怒：+2  
2016-05-22 20:31:43,988 ：二 郎 神：  血量：+10   愤怒：+10  
2016-05-22 20:31:47,090 ：二 郎 神：  血量：-2   愤怒：+2  
2016-05-22 20:31:48,090 ：金角大王：  血量：+1   愤怒：+1  
2016-05-22 20:31:53,680 ：你放弃了一个绝佳的攻击机会
2016-05-22 20:31:56,181 ：二 郎 神：  血量：-2   愤怒：+2  
2016-05-22 20:31:57,181 ：金角大王：  血量：+0   愤怒：+0  
2016-05-22 20:32:05,081 ：金角大王：  血量：-2   愤怒：+2  
2016-05-22 20:32:06,081 ：二 郎 神：  血量：+0   愤怒：+0  
2016-05-22 20:32:09,183 ：二 郎 神：  血量：-2   愤怒：+2  
2016-05-22 20:32:10,184 ：金角大王：  血量：+5   愤怒：+5  
2016-05-22 20:32:17,406 ：金角大王：  血量：-5   愤怒：+5  
2016-05-22 20:32:18,407 ：二 郎 神：  血量：+0   愤怒：+0  
2016-05-22 20:32:21,508 ：二 郎 神：  血量：-5   愤怒：+5  
2016-05-22 20:32:22,508 ：金角大王：  血量：+1   愤怒：+1  
2016-05-22 20:32:25,076 ：金角大王：  血量：-5   愤怒：+5  
2016-05-22 20:32:26,076 ：二 郎 神：  血量：+1   愤怒：+1  
2016-05-22 20:32:29,177 ：二 郎 神：  血量：-5   愤怒：+5  
2016-05-22 20:32:30,178 ：金角大王：  血量：+0.1   愤怒：+0.1  
2016-05-22 20:32:34,024 ：金角大王：  血量：-5   愤怒：+5  
2016-05-22 20:32:35,024 ：二 郎 神：  血量：+0   愤怒：+0  
2016-05-22 20:32:38,125 ：二 郎 神：  血量：-6   愤怒：+6  
2016-05-22 20:32:39,126 ：金角大王：  血量：+0   愤怒：+0  
2016-05-22 20:32:43,845 ：金角大王：  血量：-9   愤怒：+9  
2016-05-22 20:32:44,845 ：二 郎 神：  血量：+0   愤怒：+0  
2016-05-22 20:32:47,947 ：二 郎 神：  血量：-7   愤怒：+7  
2016-05-22 20:32:48,947 ：金角大王：  血量：+10   愤怒：+10  
2016-05-22 20:32:51,618 ：金角大王：  血量：-6   愤怒：+6  
2016-05-22 20:32:52,618 ：二 郎 神：  血量：+1   愤怒：+1  
2016-05-22 20:32:55,719 ：二 郎 神：  血量：-8   愤怒：+8  
2016-05-22 20:32:56,720 ：金角大王：  血量：+0   愤怒：+0  
2016-05-22 20:32:57,320 ：二 郎 神 已阵亡！！还得自己来啊- -！
2016-05-22 20:33:02,633 ：金角大王：  血量：-2.4   愤怒：+2  
2016-05-22 20:33:03,634 ：孙 悟 空：  血量：+10   愤怒：+10  
2016-05-22 20:33:06,735 ：孙 悟 空：  血量：-6   愤怒：+6  
2016-05-22 20:33:07,736 ：金角大王：  血量：+10   愤怒：+10  
2016-05-22 20:33:11,584 ：金角大王：  血量：-6.0   愤怒：+5  
2016-05-22 20:33:12,585 ：孙 悟 空：  血量：+10   愤怒：+10  
2016-05-22 20:33:15,687 ：孙 悟 空：  血量：-9   愤怒：+9  
2016-05-22 20:33:16,688 ：金角大王：  血量：+0   愤怒：+0  
2016-05-22 20:33:20,496 ：金角大王：  血量：-8.4   愤怒：+7  
2016-05-22 20:33:21,497 ：孙 悟 空：  血量：+1   愤怒：+1  
2016-05-22 20:33:24,598 ：孙 悟 空：  血量：-9   愤怒：+9  
2016-05-22 20:33:25,599 ：金角大王：  血量：+2   愤怒：+2  
2016-05-22 20:33:31,724 ：金角大王：  血量：-6.0   愤怒：+5  
2016-05-22 20:33:32,725 ：孙 悟 空：  血量：+2   愤怒：+2  
2016-05-22 20:33:35,827 ：孙 悟 空：  血量：-9   愤怒：+9  
2016-05-22 20:33:36,827 ：金角大王：  血量：+2   愤怒：+2  
2016-05-22 20:38:03,117 ：你放弃了一个绝佳的攻击机会
2016-05-22 20:38:05,618 ：孙 悟 空：  血量：-2   愤怒：+2  
2016-05-22 20:38:06,618 ：金角大王：  血量：+0.1   愤怒：+0.1  
2016-05-22 20:38:21,992 ：金角大王：  血量：-2   愤怒：+2  
2016-05-22 20:38:22,992 ：二 郎 神：  血量：+1   愤怒：+1  
2016-05-22 20:38:26,093 ：二 郎 神：  血量：-2   愤怒：+2  
2016-05-22 20:38:27,094 ：金角大王：  血量：+0   愤怒：+0  
2016-05-22 20:38:29,609 ：金角大王：  血量：-2   愤怒：+2  
2016-05-22 20:38:30,610 ：二 郎 神：  血量：+1   愤怒：+1  
2016-05-22 20:38:33,712 ：二 郎 神：  血量：-2   愤怒：+2  
2016-05-22 20:38:34,712 ：金角大王：  血量：+5   愤怒：+5  
2016-05-22 20:38:37,165 ：金角大王：  血量：-2   愤怒：+2  
2016-05-22 20:38:38,166 ：二 郎 神：  血量：+2   愤怒：+2  
2016-05-22 20:38:41,267 ：二 郎 神：  血量：-2   愤怒：+2  
2016-05-22 20:38:42,268 ：金角大王：  血量：+5   愤怒：+5  
2016-05-22 20:38:47,053 ：金角大王：  血量：-2   愤怒：+2  
2016-05-22 20:38:48,054 ：二 郎 神：  血量：+5   愤怒：+5  
2016-05-22 20:38:51,155 ：二 郎 神：  血量：-2   愤怒：+2  
2016-05-22 20:38:52,155 ：金角大王：  血量：+1   愤怒：+1  
2016-05-22 20:38:57,265 ：金角大王：  血量：-2   愤怒：+2  
2016-05-22 20:38:58,267 ：二 郎 神：  血量：+0   愤怒：+0  
2016-05-22 20:39:01,369 ：二 郎 神：  血量：-5   愤怒：+5  
2016-05-22 20:39:02,369 ：金角大王：  血量：+1   愤怒：+1  
2016-05-22 20:39:06,936 ：金角大王：  血量：-5   愤怒：+5  
2016-05-22 20:39:07,937 ：二 郎 神：  血量：+1   愤怒：+1  
2016-05-22 20:39:11,038 ：二 郎 神：  血量：-5   愤怒：+5  
2016-05-22 20:39:12,039 ：金角大王：  血量：+0   愤怒：+0  
2016-05-22 20:39:14,946 ：金角大王：  血量：-5   愤怒：+5  
2016-05-22 20:39:15,947 ：二 郎 神：  血量：+2   愤怒：+2  
2016-05-22 20:39:19,047 ：二 郎 神：  血量：-5   愤怒：+5  
2016-05-22 20:39:20,048 ：金角大王：  血量：+10   愤怒：+10  
2016-05-22 20:39:23,795 ：金角大王：  血量：-5   愤怒：+5  
2016-05-22 20:39:24,795 ：二 郎 神：  血量：+0.1   愤怒：+0.1  
2016-05-22 20:39:27,896 ：二 郎 神：  血量：-7   愤怒：+7  
2016-05-22 20:39:28,897 ：金角大王：  血量：+0   愤怒：+0  
2016-05-22 20:39:31,742 ：金角大王：  血量：-9   愤怒：+9  
2016-05-22 20:39:32,742 ：二 郎 神：  血量：+0   愤怒：+0  
2016-05-22 20:39:35,844 ：二 郎 神：  血量：-8   愤怒：+8  
2016-05-22 20:39:36,844 ：金角大王：  血量：+0   愤怒：+0  
2016-05-22 20:39:37,444 ：二 郎 神 已阵亡！！还得自己来啊- -！
2016-05-22 20:39:43,739 ：金角大王：  血量：-2.4   愤怒：+2  
2016-05-22 20:39:44,741 ：孙 悟 空：  血量：+20   愤怒：+20  
2016-05-22 20:39:47,842 ：孙 悟 空：  血量：-7   愤怒：+7  
2016-05-22 20:39:48,843 ：金角大王：  血量：+1   愤怒：+1  
2016-05-22 20:39:51,073 ：金角大王：  血量：-6.0   愤怒：+5  
2016-05-22 20:39:52,074 ：孙 悟 空：  血量：+2   愤怒：+2  
2016-05-22 20:39:55,176 ：孙 悟 空：  血量：-8   愤怒：+8  
2016-05-22 20:39:56,176 ：金角大王：  血量：+5   愤怒：+5  
2016-05-22 20:40:05,261 ：金角大王：  血量：-6.0   愤怒：+5  
2016-05-22 20:40:06,261 ：孙 悟 空：  血量：+1   愤怒：+1  
2016-05-22 20:40:08,363 ：老妖金角大王 已被铲除！恭喜过关！
2016-05-22 20:40:25,149 ：你放弃了一个绝佳的攻击机会
2016-05-22 20:40:27,650 ：孙 悟 空：  血量：-2   愤怒：+2  
2016-05-22 20:40:28,650 ：金角大王：  血量：+0   愤怒：+0  
2016-05-22 20:40:42,489 ：金角大王：  血量：-2   愤怒：+2  
2016-05-22 20:40:43,491 ：二 郎 神：  血量：+0   愤怒：+0  
2016-05-22 20:40:46,592 ：二 郎 神：  血量：-2   愤怒：+2  
2016-05-22 20:40:47,593 ：金角大王：  血量：+20   愤怒：+20  
2016-05-22 20:40:49,762 ：金角大王：  血量：-2   愤怒：+2  
2016-05-22 20:40:50,762 ：二 郎 神：  血量：+0   愤怒：+0  
2016-05-22 20:40:53,864 ：二 郎 神：  血量：-5   愤怒：+5  
2016-05-22 20:40:54,864 ：金角大王：  血量：+5   愤怒：+5  
2016-05-22 20:41:00,481 ：金角大王：  血量：-2   愤怒：+2  
2016-05-22 20:41:01,482 ：二 郎 神：  血量：+1   愤怒：+1  
2016-05-22 20:41:04,584 ：二 郎 神：  血量：-5   愤怒：+5  
2016-05-22 20:41:05,585 ：金角大王：  血量：+2   愤怒：+2  
2016-05-22 20:41:14,957 ：金角大王：  血量：-2   愤怒：+2  
2016-05-22 20:41:15,958 ：二 郎 神：  血量：+0   愤怒：+0  
2016-05-22 20:41:19,059 ：二 郎 神：  血量：-5   愤怒：+5  
2016-05-22 20:41:20,060 ：金角大王：  血量：+5   愤怒：+5  
2016-05-22 20:41:25,790 ：金角大王：  血量：-2   愤怒：+2  
2016-05-22 20:41:26,791 ：二 郎 神：  血量：+1   愤怒：+1  
2016-05-22 20:41:29,893 ：二 郎 神：  血量：-8   愤怒：+8  
2016-05-22 20:41:30,893 ：金角大王：  血量：+10   愤怒：+10  
2016-05-22 20:41:31,494 ：二 郎 神 已阵亡！！还得自己来啊- -！
2016-05-22 20:41:37,506 ：金角大王：  血量：-2.4   愤怒：+2  
2016-05-22 20:41:38,508 ：孙 悟 空：  血量：+0   愤怒：+0  
2016-05-22 20:41:41,610 ：孙 悟 空：  血量：-2   愤怒：+2  
2016-05-22 20:41:42,611 ：金角大王：  血量：+5   愤怒：+5  
2016-05-22 20:41:57,042 ：金角大王：  血量：-2   愤怒：+2  
2016-05-22 20:41:58,042 ：二 郎 神：  血量：+2   愤怒：+2  
2016-05-22 20:42:01,144 ：二 郎 神：  血量：-2   愤怒：+2  
2016-05-22 20:42:02,144 ：金角大王：  血量：+1   愤怒：+1  
2016-05-22 20:42:04,392 ：金角大王：  血量：-2   愤怒：+2  
2016-05-22 20:42:05,392 ：二 郎 神：  血量：+1   愤怒：+1  
2016-05-22 20:42:08,494 ：二 郎 神：  血量：-2   愤怒：+2  
2016-05-22 20:42:09,494 ：金角大王：  血量：+0   愤怒：+0  
2016-05-22 20:42:12,418 ：金角大王：  血量：-2   愤怒：+2  
2016-05-22 20:42:13,420 ：二 郎 神：  血量：+0   愤怒：+0  
2016-05-22 20:42:16,521 ：二 郎 神：  血量：-2   愤怒：+2  
2016-05-22 20:42:17,522 ：金角大王：  血量：+20   愤怒：+20  
2016-05-22 20:42:52,665 ：金角大王：  血量：-2.4   愤怒：+2  
2016-05-22 20:42:53,666 ：孙 悟 空：  血量：+0   愤怒：+0  
2016-05-22 20:42:56,768 ：孙 悟 空：  血量：-2   愤怒：+2  
2016-05-22 20:42:57,768 ：金角大王：  血量：+10   愤怒：+10  
2016-05-22 20:43:05,283 ：金角大王：  血量：-20   愤怒：+2  
2016-05-22 20:43:06,283 ：二 郎 神：  血量：+20   愤怒：+20  
2016-05-22 20:43:09,385 ：二 郎 神：  血量：-2   愤怒：+2  
2016-05-22 20:43:10,385 ：金角大王：  血量：+0   愤怒：+0  
2016-05-22 20:43:16,140 ：金角大王：  血量：-50   愤怒：+5  
2016-05-22 20:43:17,141 ：二 郎 神：  血量：+5   愤怒：+5  
2016-05-22 20:43:20,242 ：二 郎 神：  血量：-2   愤怒：+2  
2016-05-22 20:43:21,242 ：金角大王：  血量：+0   愤怒：+0  
2016-05-22 20:44:40,310 ：金角大王：  血量：-2.4   愤怒：+2  
2016-05-22 20:44:41,311 ：孙 悟 空：  血量：+5   愤怒：+5  
2016-05-22 20:44:44,411 ：孙 悟 空：  血量：-2   愤怒：+2  
2016-05-22 20:44:45,412 ：金角大王：  血量：+0.1   愤怒：+0.1  
2016-05-22 20:44:53,868 ：金角大王：  血量：-2.4   愤怒：+2  
2016-05-22 20:44:54,868 ：孙 悟 空：  血量：+2   愤怒：+2  
2016-05-22 20:44:57,969 ：孙 悟 空：  血量：-2   愤怒：+2  
2016-05-22 20:44:58,970 ：金角大王：  血量：+0   愤怒：+0  
2016-05-22 20:45:02,019 ：你放弃了一个绝佳的攻击机会
2016-05-22 20:45:04,520 ：孙 悟 空：  血量：-2   愤怒：+2  
2016-05-22 20:45:05,521 ：金角大王：  血量：+0.1   愤怒：+0.1  
2016-05-22 20:45:08,812 ：金角大王：  血量：-2.4   愤怒：+2  
2016-05-22 20:45:09,813 ：孙 悟 空：  血量：+2   愤怒：+2  
2016-05-22 20:45:12,916 ：孙 悟 空：  血量：-2   愤怒：+2  
2016-05-22 20:45:13,917 ：金角大王：  血量：+20   愤怒：+20  
2016-05-22 20:45:20,914 ：金角大王：  血量：-2.4   愤怒：+2  
2016-05-22 20:45:21,914 ：孙 悟 空：  血量：+0   愤怒：+0  
2016-05-22 20:45:25,016 ：孙 悟 空：  血量：-5   愤怒：+5  
2016-05-22 20:45:26,016 ：金角大王：  血量：+0.1   愤怒：+0.1  
2016-05-22 20:45:31,116 ：金角大王：  血量：-20   愤怒：+2  
2016-05-22 20:45:32,116 ：二 郎 神：  血量：+1   愤怒：+1  
2016-05-22 20:45:35,218 ：二 郎 神：  血量：-5   愤怒：+5  
2016-05-22 20:45:36,218 ：金角大王：  血量：+0   愤怒：+0  
2016-05-22 20:45:43,543 ：金角大王：  血量：-20   愤怒：+2  
2016-05-22 20:45:44,543 ：二 郎 神：  血量：+0   愤怒：+0  
2016-05-22 20:45:46,644 ：老妖金角大王 已被铲除！恭喜过关！
2016-05-22 20:46:33,112 ：金角大王：  血量：-200   愤怒：+2  
2016-05-22 20:46:34,113 ：孙 悟 空：  血量：+0   愤怒：+0  
2016-05-22 20:46:36,213 ：老妖金角大王 已被铲除！恭喜过关！
2016-05-22 20:47:25,341 ：金角大王：  血量：-4   愤怒：+2  
2016-05-22 20:47:26,341 ：孙 悟 空：  血量：+0   愤怒：+0  
2016-05-22 20:47:29,444 ：孙 悟 空：  血量：-2   愤怒：+2  
2016-05-22 20:47:30,444 ：金角大王：  血量：+10   愤怒：+10  
2016-05-22 20:47:35,561 ：你放弃了一个绝佳的攻击机会
2016-05-22 20:47:38,062 ：二 郎 神：  血量：-2   愤怒：+2  
2016-05-22 20:47:39,062 ：金角大王：  血量：+0.1   愤怒：+0.1  
2016-05-22 20:47:40,740 ：你放弃了一个绝佳的攻击机会
2016-05-22 20:47:43,241 ：二 郎 神：  血量：-2   愤怒：+2  
2016-05-22 20:47:44,241 ：金角大王：  血量：+0.1   愤怒：+0.1  
2016-05-22 20:47:44,842 ：你放弃了一个绝佳的攻击机会
2016-05-22 20:47:47,343 ：二 郎 神：  血量：-2   愤怒：+2  
2016-05-22 20:47:48,344 ：金角大王：  血量：+1   愤怒：+1  
2016-05-22 20:47:55,740 ：金角大王：  血量：-2   愤怒：+2  
2016-05-22 20:47:56,741 ：二 郎 神：  血量：+2   愤怒：+2  
2016-05-22 20:47:59,842 ：二 郎 神：  血量：-2   愤怒：+2  
2016-05-22 20:48:00,842 ：金角大王：  血量：+0   愤怒：+0  
2016-05-22 20:48:04,683 ：你放弃了一个绝佳的攻击机会
2016-05-22 20:48:07,185 ：二 郎 神：  血量：-2   愤怒：+2  
2016-05-22 20:48:08,185 ：金角大王：  血量：+0   愤怒：+0  
2016-05-22 20:48:11,907 ：你放弃了一个绝佳的攻击机会
2016-05-22 20:48:14,408 ：二 郎 神：  血量：-2   愤怒：+2  
2016-05-22 20:48:15,409 ：金角大王：  血量：+2   愤怒：+2  
2016-05-22 20:48:16,881 ：你放弃了一个绝佳的攻击机会
2016-05-22 20:48:19,383 ：二 郎 神：  血量：-2   愤怒：+2  
2016-05-22 20:48:20,384 ：金角大王：  血量：+20   愤怒：+20  
2016-05-22 20:48:23,450 ：你放弃了一个绝佳的攻击机会
2016-05-22 20:48:25,951 ：二 郎 神：  血量：-5   愤怒：+5  
2016-05-22 20:48:26,952 ：金角大王：  血量：+1   愤怒：+1  
2016-05-22 20:48:32,827 ：金角大王：  血量：-2   愤怒：+2  
2016-05-22 20:48:33,828 ：二 郎 神：  血量：+1   愤怒：+1  
2016-05-22 20:48:36,929 ：二 郎 神：  血量：-8   愤怒：+8  
2016-05-22 20:48:37,929 ：金角大王：  血量：+0   愤怒：+0  
2016-05-22 20:48:38,530 ：二 郎 神 已阵亡！！还得自己来啊- -！
2016-05-22 20:48:42,279 ：金角大王：  血量：-4   愤怒：+2  
2016-05-22 20:48:43,280 ：孙 悟 空：  血量：+0   愤怒：+0  
2016-05-22 20:48:46,381 ：孙 悟 空：  血量：-7   愤怒：+7  
2016-05-22 20:48:47,381 ：金角大王：  血量：+0   愤怒：+0  
2016-05-22 20:49:04,447 ：你放弃了一个绝佳的攻击机会
2016-05-22 20:49:06,947 ：孙 悟 空：  血量：-2   愤怒：+2  
2016-05-22 20:49:07,948 ：金角大王：  血量：+5   愤怒：+5
2016-05-22 22:51:15,816 ：唐 三 藏: 对呀
2016-05-22 22:51:15,816 ：孙 悟 空: 又要感概什么
2016-05-22 22:51:37,782 ：唐 三 藏: 往事不回首
2016-05-22 22:51:37,783 ：孙 悟 空: 别整这些没有用的
2016-05-22 22:52:15,793 ：唐 三 藏: 紧箍咒
2016-05-22 22:52:15,793 ：孙 悟 空: 停，I 服了 U！
2016-05-22 22:53:48,770 ：唐 三 藏: 你好
2016-05-22 22:53:48,778 ：孙 悟 空: 别整这些没有用的
2016-05-23 09:32:29,410 ：唐 三 藏: 你去
2016-05-23 09:32:29,420 ：孙 悟 空: 别整这些没有用的
2016-05-23 09:32:51,660 ：唐 三 藏: 你去看看
2016-05-23 09:32:51,660 ：孙 悟 空: 好，老孙走也
2016-05-23 09:34:15,195 ：金角大王：  血量：-4   愤怒：+2  
2016-05-23 09:34:17,697 ：孙 悟 空：  血量：-2   愤怒：+2  
2016-05-23 09:34:18,698 ：金角大王：  血量：+1   愤怒：+1  
2016-05-23 09:34:42,033 ：金角大王：  血量：-4   愤怒：+2  
2016-05-23 09:34:43,033 ：孙 悟 空：  血量：+2   愤怒：+2  
2016-05-23 09:34:45,535 ：孙 悟 空：  血量：-2   愤怒：+2  
2016-05-23 09:34:46,535 ：金角大王：  血量：+10   愤怒：+10  
2016-05-23 09:34:51,529 ：金角大王：  血量：-4   愤怒：+2  
2016-05-23 09:34:52,530 ：孙 悟 空：  血量：+2   愤怒：+2  
2016-05-23 09:34:55,031 ：孙 悟 空：  血量：-2   愤怒：+2  
2016-05-23 09:34:56,031 ：金角大王：  血量：+0   愤怒：+0  
2016-05-23 09:34:59,703 ：金角大王：  血量：-4   愤怒：+2  
2016-05-23 09:35:00,705 ：孙 悟 空：  血量：+1   愤怒：+1  
2016-05-23 09:35:03,206 ：孙 悟 空：  血量：-2   愤怒：+2  
2016-05-23 09:35:04,207 ：金角大王：  血量：+0   愤怒：+0  
2016-05-23 09:35:12,517 ：金角大王：  血量：-4   愤怒：+2  
2016-05-23 09:35:13,517 ：孙 悟 空：  血量：+0.1   愤怒：+0.1  
2016-05-23 09:35:16,019 ：孙 悟 空：  血量：-5   愤怒：+5  
2016-05-23 09:35:17,019 ：金角大王：  血量：+0   愤怒：+0  
2016-05-23 09:35:27,209 ：金角大王：  血量：-4   愤怒：+2  
2016-05-23 09:35:28,210 ：孙 悟 空：  血量：+2   愤怒：+2  
2016-05-23 09:35:30,712 ：孙 悟 空：  血量：-5   愤怒：+5  
2016-05-23 09:35:31,712 ：金角大王：  血量：+0   愤怒：+0  
2016-05-23 09:35:36,366 ：金角大王：  血量：-10   愤怒：+5  
2016-05-23 09:35:37,367 ：孙 悟 空：  血量：+0   愤怒：+0  
2016-05-23 09:35:39,868 ：孙 悟 空：  血量：-5   愤怒：+5  
2016-05-23 09:35:40,869 ：金角大王：  血量：+1   愤怒：+1  
2016-05-23 09:35:47,823 ：金角大王：  血量：-10   愤怒：+5  
2016-05-23 09:35:48,824 ：孙 悟 空：  血量：+20   愤怒：+20  
2016-05-23 09:35:51,326 ：孙 悟 空：  血量：-5   愤怒：+5  
2016-05-23 09:35:52,326 ：金角大王：  血量：+0.1   愤怒：+0.1  
2016-05-23 09:35:56,831 ：金角大王：  血量：-14   愤怒：+7  
2016-05-23 09:35:57,831 ：孙 悟 空：  血量：+1   愤怒：+1  
2016-05-23 09:36:00,333 ：孙 悟 空：  血量：-7   愤怒：+7  
2016-05-23 09:36:01,333 ：金角大王：  血量：+5   愤怒：+5  
2016-05-23 09:36:03,929 ：金角大王：  血量：-12   愤怒：+6  
2016-05-23 09:36:04,929 ：孙 悟 空：  血量：+2   愤怒：+2  
2016-05-23 09:36:07,431 ：孙 悟 空：  血量：-8   愤怒：+8  
2016-05-23 09:36:08,431 ：金角大王：  血量：+20   愤怒：+20  
2016-05-23 09:36:11,767 ：金角大王：  血量：-18   愤怒：+9  
2016-05-23 09:36:12,768 ：孙 悟 空：  血量：+20   愤怒：+20  
2016-05-23 09:36:15,270 ：孙 悟 空：  血量：-9   愤怒：+9  
2016-05-23 09:36:16,270 ：金角大王：  血量：+0   愤怒：+0  
2016-05-23 09:36:19,035 ：金角大王：  血量：-18   愤怒：+9  
2016-05-23 09:36:20,036 ：孙 悟 空：  血量：+20   愤怒：+20  
2016-05-23 09:36:22,536 ：孙 悟 空：  血量：-8   愤怒：+8  
2016-05-23 09:36:23,537 ：金角大王：  血量：+0   愤怒：+0  
2016-05-23 09:36:25,969 ：金角大王：  血量：-18   愤怒：+9  
2016-05-23 09:36:28,470 ：孙 悟 空：  血量：-7   愤怒：+7  
2016-05-23 09:36:29,471 ：金角大王：  血量：+0   愤怒：+0  
2016-05-23 09:36:31,458 ：金角大王：  血量：-18   愤怒：+9  
2016-05-23 09:36:32,959 ：老妖金角大王 已被铲除！恭喜过关！
2016-05-23 09:52:33,410 ：唐 三 藏: 悟空，这里风景秀丽我们是到了何处？
2016-05-23 09:52:35,426 ：孙 悟 空: 师傅，前面就到平顶山了，一会儿可以去山上游耍一下。
2016-05-23 09:53:33,801 ：唐 三 藏: 悟空，这里风景秀丽我们是到了何处？
2016-05-23 09:53:35,806 ：孙 悟 空: 师傅，前面就到平顶山了，一会儿可以去山上游耍一下。
2016-05-23 10:22:11,839 ：唐 三 藏: 悟空，这里风景秀丽我们是到了何处？
2016-05-23 10:22:13,845 ：孙 悟 空: 师傅，前面就到平顶山了，一会儿可以去山上游耍一下。
2016-05-23 10:22:14,845 ：唐 三 藏: 小白龙你还在等啥呢，快.......
2016-05-23 10:22:53,957 ：唐 三 藏: 悟空，这里风景秀丽我们是到了何处？
2016-05-23 10:22:55,970 ：孙 悟 空: 师傅，前面就到平顶山了，一会儿可以去山上游耍一下。
2016-05-23 10:22:57,971 ：唐 三 藏: 小白龙你还在等啥呢，快.......
2016-05-23 10:26:37,767 ：唐 三 藏: 悟空，这里风景秀丽我们是到了何处？
2016-05-23 10:26:39,780 ：孙 悟 空: 师傅，前面就到平顶山了，一会儿可以去山上游耍一下。
2016-05-23 10:26:41,781 ：唐 三 藏: 小白龙你还在等啥呢，快.......
2016-05-23 10:26:51,687 ：唐 三 藏: 
2016-05-23 10:26:53,687 ：孙 悟 空: 是不是对我很无语啊，哈哈
2016-05-23 10:28:24,643 ：唐 三 藏: 
2016-05-23 10:28:26,644 ：孙 悟 空: 别吞吞吐吐的，啥事说。
2016-05-23 10:28:48,306 ：唐 三 藏: a
2016-05-23 10:28:50,307 ：孙 悟 空: 说什么鸟语呢，又是上次女儿国跟妹子学的吧！
2016-05-23 10:29:37,329 ：唐 三 藏: 悟空，这里风景秀丽我们是到了何处？
2016-05-23 10:29:38,338 ：孙 悟 空: 师傅，前面就到平顶山了，一会儿可以去山上游耍一下。
2016-05-23 10:29:39,338 ：唐 三 藏: 小白龙你还在等啥呢，快.......
2016-05-23 10:29:45,609 ：唐 三 藏: 
2016-05-23 10:29:46,609 ：孙 悟 空: 是不是对我很无语啊，哈哈
2016-05-23 10:30:10,954 ：唐 三 藏: 悟空，这里风景秀丽我们是到了何处？
2016-05-23 10:30:11,467 ：孙 悟 空: 师傅，前面就到平顶山了，一会儿可以去山上游耍一下。
2016-05-23 10:30:12,967 ：唐 三 藏: 小白龙你还在等啥呢，快.......
2016-05-23 10:30:30,549 ：唐 三 藏: 悟空，这里风景秀丽我们是到了何处？
2016-05-23 10:30:31,061 ：孙 悟 空: 师傅，前面就到平顶山了，一会儿可以去山上游耍一下。
2016-05-23 10:30:32,562 ：唐 三 藏: 小白龙你还在等啥呢，快.......
2016-05-23 10:30:43,767 ：唐 三 藏: 
2016-05-23 10:30:44,267 ：孙 悟 空: 是不是对我很无语啊，哈哈
2016-05-23 10:30:49,252 ：唐 三 藏: a
2016-05-23 10:30:49,753 ：孙 悟 空: 说什么鸟语呢，又是上次女儿国跟妹子学的吧！
2016-05-23 10:37:07,289 ：唐 三 藏: 悟空，这里风景秀丽我们是到了何处？
2016-05-23 10:37:09,302 ：孙 悟 空: 师傅，前面就到平顶山了，一会儿可以去山上游耍一下。
2016-05-23 10:37:09,302 ：唐 三 藏: 小白龙你还在等啥呢，快.......
2016-05-23 10:37:20,230 ：唐 三 藏: wukong
2016-05-23 10:37:22,232 ：孙 悟 空: 说什么鸟语呢，又是上次女儿国跟妹子学的吧！
2016-05-23 10:37:29,289 ：唐 三 藏: a
2016-05-23 10:37:31,290 ：孙 悟 空: 我受不了了师傅，说唐语。
2016-05-23 10:37:35,138 ：唐 三 藏: 啊
2016-05-23 10:37:37,138 ：孙 悟 空: 又要感概什么
2016-05-23 10:37:43,970 ：唐 三 藏: 悟空
2016-05-23 10:37:45,970 ：孙 悟 空: 师傅
2016-05-23 10:38:13,169 ：唐 三 藏: 悟空，这里风景秀丽我们是到了何处？
2016-05-23 10:38:15,182 ：孙 悟 空: 师傅，前面就到平顶山了，一会儿可以去山上游耍一下。
2016-05-23 10:38:15,182 ：唐 三 藏: 小白龙你还在等啥呢，快.......
2016-05-23 10:38:47,682 ：唐 三 藏: 悟空，这里风景秀丽我们是到了何处？
2016-05-23 10:38:49,693 ：孙 悟 空: 师傅，前面就到平顶山了，一会儿可以去山上游耍一下。
2016-05-23 10:38:49,693 ：唐 三 藏: 小白龙你还在等啥呢，快.......
2016-05-23 10:38:58,015 ：唐 三 藏: a
2016-05-23 10:39:00,016 ：孙 悟 空: 我受不了了师傅，说唐语。
2016-05-23 10:39:18,026 ：唐 三 藏: 悟空，这里风景秀丽我们是到了何处？
2016-05-23 10:39:20,035 ：孙 悟 空: 师傅，前面就到平顶山了，一会儿可以去山上游耍一下。
2016-05-23 10:39:20,035 ：唐 三 藏: 小白龙你还在等啥呢，快.......
2016-05-23 10:39:29,782 ：唐 三 藏: 
2016-05-23 10:39:31,784 ：孙 悟 空: 别吞吞吐吐的，啥事说。
2016-05-23 10:39:40,261 ：唐 三 藏: 没事
2016-05-23 10:39:42,262 ：孙 悟 空: 什么
2016-05-23 10:40:33,783 ：唐 三 藏: 我说没事
2016-05-23 10:40:35,784 ：孙 悟 空: 别整这些没有用的
2016-05-23 10:40:51,524 ：唐 三 藏: 你去山上看看吧
2016-05-23 10:40:53,526 ：孙 悟 空: 好，你不用说了我去前面看看顺便化个缘来！老孙走也
